Running axial_wave_expl_1D: completed.
Running forcedwave1dL2: completed.
Running pub_axial_wave_expl_1D: completed.
Running pub_sin_rod_expl_1D: completed.
Running wave1dL2: completed.
Running pub_sin_rod_expl_2D_axi: completed.
Running bending_wave_expl: completed.
Running bending_wave_expl_Rayleigh: completed.
Running pub_sin_rod_impl_1D: completed.
Running pub_sin_rod_impl_2D_axi: completed.
Running bending_wave_impl_Rayleigh: completed.
Running pub_sin_rod_impl_3D: completed.
Running pub_TEST13H_vibration: completed.
Running pub_test5_vibration: completed.
Running test5_direct: completed.
Running test_TEST13H_support_motion: completed.
Running test_TEST13H_vibration: completed.
Running FV16_cantilevered_plate_abaqus: completed.
Running KS_sandwich_vibration_ss: completed.
Running drum_t10: completed.
Running drum_t4: completed.
Running pub_FV12NAFEMS_vibration: completed.
Running pub_FV52NAFEMS_vibration: completed.
Running pub_KS_sandwich_vibration_ss: completed.
Running pub_test5_free: completed.
Running rectangular_plate: completed.
Running rectangular_plate_anim: completed.
Running trunc_conic_shell_3d: completed.
Running twist_t10: completed.
Running twist_t4: completed.
Running unit_cube_modes: completed.
Running unit_cube_modes_pedestrian: completed.
Running pub_single_bar: completed.
Running single_bar: completed.
Running sw129b_l3_irreg: completed.
Running Floyd: completed.
Running Floyd_had: completed, results verified.
Running LE1NAFEMS: completed.
Running LE1NAFEMS_conv: completed.
Running Ltract_energy: completed.
Running Planar_truss_with_anim: completed.
Running THICK_ss_plate_pl_had: completed.
Running bracket_had: completed.
Running concentrated_force: completed.
Running concentrated_force_had: completed.
Running cookstrain: completed.
Running cookstress: completed.
Running orthoballoon: completed.
Running pnpT3strains: completed.
Running pnpT3strains_T3: completed.
Running pnpT3thermal: completed.
Running pub_Floyd: completed.
Running pub_rodwtrans: completed.
Running pub_thick_pipe_axi: completed.
Running pub_thick_pipe_ps: completed.
Running shaftwtrans0: completed.
Running shaftwtrans1: completed.
Running shaftwtrans2: completed.
Running shaftwtrans3: completed.
Running shear_wall_had: completed.
Running Bushing: completed.
Running Cook_3D_strain: completed.
Running Cook_3D_strain_T10: completed.
Running Ltract3D: completed.
Running Pagano_laminate_n_layer: completed.
Running THICK_sscircularplatepl_H20_Abaqus: completed.
Running Twisted_beam: completed.
Running Z_laminate_u_ss: completed.
Running Z_laminate_u_ss_stress: completed.
Running Z_laminate_u_ss_stress_10: completed.
Running Z_laminate_u_ss_stress_10_iso: completed.
Running Cook_3D_strain_abaqus: completed.
Running Twisted_beam_abaqus: completed.
Running clean_abaqus_files: completed.
Running fiber_reinf_cant_iso_abaqus_comparison_h8ms: completed.
Running fiber_reinf_cant_yn_strong_abaqus_comparison_h8ms: completed.
Running fiber_reinf_cant_zn_strong_abaqus_comparison_h8ms: completed.
Running plate_2dir_strong_abaqus_comparison: completed.
Running clcircularplatecl: completed.
Running clsqconc: completed.
Running curved_beam: completed.
Running fiber_reinf_cant_yn_strong: failed to complete.
Running fiber_reinf_cant_zn_strong: completed.
Running free_free_beam: completed.
Running pinchcyl: completed.
Running pinchcyl_T10: completed.
Running pinchsphere: completed.
Running pinchsphere_T10: completed.
Running plane_w_hole: completed.
Running plane_w_hole_m: completed.
Running plate_two_fibers: completed.
Running pub_LE10NAFEMS: completed.
Running pub_LE10NAFEMS_H20: completed.
Running pub_LE10NAFEMS_H64: completed.
Running pub_LE10NAFEMS_T10: completed.
Running pub_R0031NAFEMS: completed.
Running pub_R0031NAFEMS_1_region: completed.
Running pub_Twisted_beam: completed.
Running pub_plane_w_hole_m: completed.
Running pub_thick_pipe: completed.
Running rltb_3D: completed.
Running scordelis_lo: completed.
Running sscircularplatedl: completed.
Running sscircularplatepl: completed.
Running sscircularplatepl_H20: completed.
Running sscircularplatepl_H20_Abaqus: completed.
Running sssqunif: completed.
Running sssqunif_Abaqus: completed.
Running thick_pipe: completed.
Running thick_pipe_3d: completed.
Running thickplate_with_stress: completed.
Running three_point_bend: completed.
Running try_scordelis_lo: completed.



Summary:
Warning: Failed in fiber_reinf_cant_yn_strong!!!
