Running make_spherical_surface: completed.
Running make_spherical_surface_n: completed.
Running make_spherical_surface_t3: completed.
Running test_cylinder_surface1: completed.
Running test_elliptcylinder_surface1: completed.
Running test_facing: completed.
Running test_facing2: completed.
Running test_spherical_surface1: completed.
Running mksolidsphere_n: completed.
Running test_block: completed.
Running test_cappedcylinder_surface1: completed.
Running test_extrude: completed.
Running test_extrudel2: completed.
Running test_hexfromtet: completed.
Running test_marriage1: completed.
Running test_merging: completed, results verified.
Running test_plate_surface1: completed.
Running test_refint4: completed.
Running test_submarine_surface1: completed.
Running test_t4_conversion: completed.
Running test_t4_conversion_2: completed.
Running triangles_to_quadrilaterals: completed.
Running two_arc_circle2: completed.
Running two_arcs: completed.
Running RandRovenski_elliptical: completed.
Running actuator1_mesh: completed.
Running mkhemisphere: completed.
Running mkoctsphelayrs: completed.
Running mksolidsphere: completed.
Running mksphelayrs: completed.
Running mksphelayrs2: completed.
Running mksphere: completed.
Running spherical_cavity: completed.
Running test_Acylinder: completed.
Running test_Bcylinder: completed.
Running test_LE11_H8: completed.
Running test_h20: completed.
Running test_h27: completed.
Running test_h64: completed.
Running test_hexahedro1: completed, results verified.
Running test_hexahedro2: completed, results verified.
Running test_hexahedron: completed.
Running test_hollow_cylinder: completed.
Running test_LE11: completed.
Running test_LE11_boundary: completed.
Running test_LE11_units: completed.
Running test_elliphole: completed.
Running mesh_cyl: completed.
Running test_T4__block: completed.
Running test_helix: completed.
Running test_helix2: completed.
Running test_t4block: completed.
Running curvy: completed.
Running four_arc_circle: completed.
Running four_arc_circle_error: completed.
Running tri3mesh: completed.
Running triangle_with_circular_hole: completed.
Running two_arc_circle: completed.
Running two_arc_circle_had: completed.
Running two_arcs_adaptive: completed.



Summary:
Completed successfully
